<?xml version="1.0" encoding="UTF-8"?>
<testng-results ignored="0" total="1" passed="1" failed="0" skipped="0">
  <reporter-output>
  </reporter-output>
  <suite started-at="2020-08-11T18:44:06 PKT" name="MytestSuite" finished-at="2020-08-11T18:44:38 PKT" duration-ms="31538">
    <groups>
    </groups>
    <test started-at="2020-08-11T18:44:06 PKT" name="testNGTest" finished-at="2020-08-11T18:44:38 PKT" duration-ms="31538">
      <class name="testNGPackage.testNGAntJenkins">
        <test-method signature="Navigate()[pri:0, instance:testNGPackage.testNGAntJenkins@1d7acb34]" started-at="2020-08-11T18:44:06 PKT" name="Navigate" finished-at="2020-08-11T18:44:38 PKT" duration-ms="31500" status="PASS">
          <reporter-output>
          </reporter-output>
        </test-method> <!-- Navigate -->
      </class> <!-- testNGPackage.testNGAntJenkins -->
    </test> <!-- testNGTest -->
  </suite> <!-- MytestSuite -->
</testng-results>
